Script started on 2026-03-20 11:14:54-04:00 [TERM="dumb" TTY="/dev/pts/17" COLUMNS="80" LINES="24"]
Loaded 150 single-turn LIMA rows
`torch_dtype` is deprecated! Use `dtype` instead!
Loading checkpoint shards:   0%|                          | 0/2 [00:00<?, ?it/s]Loading checkpoint shards:  50%|█████████         | 1/2 [00:02<00:02,  2.95s/it]Loading checkpoint shards: 100%|██████████████████| 2/2 [00:03<00:00,  1.33s/it]Loading checkpoint shards: 100%|██████████████████| 2/2 [00:03<00:00,  1.57s/it]
Saved generated pairs to /mnt/dataY/lmy/DSAA/assignment3/3.20/artifacts/augmentation/candidate_pairs.jsonl
Printing 5 generated examples
================================================================================
Generated instruction: What are the advantages and disadvantages of using finite difference methods versus finite element methods?
Response: It is possible to write most specific finite difference methods as Petrov-Galerkin finite element methods with some choice of local reconstruction and quadrature, and most finite element methods can also be shown to be algebraically equivalent to some finite difference method. Therefore, we should choose a method based on which analysis framework we want to use, which terminology we like, which system for extensibility we like, and how we would like to structure software. The following generaliz
================================================================================
Generated instruction: I recently joined the Church and I'm curious how it differs from other religions. What is the difference between a sacrament meeting and a regular Sunday service?
Response: Mormon services are a bit different, as you discovered. In the United States, there is generally a block of 3 meetings back-to-back including a sunday school, a mens' and women's time for instruction, and a sacrament meeting where the general congregation meets together. It sounds like the first meeting you attended was Priesthood meeting where the brothers study the words of scripture and modern Church leaders. Those classes usually have a single instructor each week.

Sacrament meeting is wher
================================================================================
Generated instruction: I cheated on my husband, what should I do?
Response: It is unethical to cheat on your husband and it could cause serious consequences to your spouse, your relationship, and your family. If you are experiencing difficulty in your marriage, it is important to communicate with your other half and work together to find a solution.
================================================================================
Generated instruction: Describe a setting for a story you would like to write about.
Response: Jack noted his surroundings as he approached the almost monolithic building in front of him. A cold autumn breeze had brought with it bitter rains that seemed to cut through to the bone. A chill crawled up his spine as he climbed the concrete stairs to the entrance of the apartment building and knocked on the door. Was it the cold or what he was about to do that caused him to shiver so? He knew not as he waited for an answer at the door.
================================================================================
Generated instruction: Generate an excerpt from "The Krumpet Horror" written by J.K. Rowling.
Response: An Excerpt from "The Krumpet Horror":
There are no words to properly express the horror of that day...
I had been investigating a strange case of delluminating Christmas lights when I came across a strange clue: green hair and a lingering odor, like sulfur.
This led me down a dark path of research that no Whovian should ever tred. For I uncovered knowledge of a creature so foul, so terrible, that one could go mad at the very thought...
The fool I was. I followed the clues up the mountain. Up, to

Script done on 2026-03-20 11:20:46-04:00 [COMMAND_EXIT_CODE="0"]
