Script started on 2026-03-20 11:26:06-04:00 [TERM="dumb" TTY="/dev/pts/17" COLUMNS="80" LINES="24"]
Loaded 150 candidate rows
`torch_dtype` is deprecated! Use `dtype` instead!
Loading checkpoint shards:   0%|                          | 0/2 [00:00<?, ?it/s]Loading checkpoint shards:  50%|█████████         | 1/2 [00:02<00:02,  2.91s/it]Loading checkpoint shards: 100%|██████████████████| 2/2 [00:03<00:00,  1.32s/it]Loading checkpoint shards: 100%|██████████████████| 2/2 [00:03<00:00,  1.56s/it]
The following generation flags are not valid and may be ignored: ['temperature', 'top_p', 'top_k']. Set `TRANSFORMERS_VERBOSITY=info` for more details.
Curated rows: 50
Rejected rows: 100
Printing 5 high-quality examples
================================================================================
Score: 4
Instruction: I recently joined the Church and I'm curious how it differs from other religions. What is the difference between a sacrament meeting and a regular Sunday service?
Response: Mormon services are a bit different, as you discovered. In the United States, there is generally a block of 3 meetings back-to-back including a sunday school, a mens' and women's time for instruction, and a sacrament meeting where the general congregation meets together. It sounds like the first meeting you attended was Priesthood meeting where the brothers study the words of scripture and modern Church leaders. Those classes usually have a single instructor each week.

Sacrament meeting is wher
Reason: The response is comprehensive, well-structured, and provides detailed information about the differences between sacrament meetings and regular Sunday services in the Church. It addresses the user's question thoroughly, explaining the structure, purpose, and role of sacrament meetings compared to other services. The explanation is clear and helpful, with examples and practical insights that go beyond the surface level. The
================================================================================
Score: 5
Instruction: Why does the following Java code throw a NullPointerException?

```java
public class Example {
    public boolean returnsNull() { return null; }

    public void test() {
        true ? returnsNull() : false;
    }
}
```
Response: The difference is that the explicit type of the ```returnsNull()``` method affects the static typing of the expressions at compile time:
```E1: `true ? returnsNull() : false` - boolean (auto-unboxing 2nd operand to boolean)
E2: `true ? null : false` - Boolean (autoboxing of 3rd operand to Boolean)
```
See Java Language Specification, section 15.25 Conditional Operator ? :

* For E1, the types of the 2nd and 3rd operands are ```Boolean``` and ```boolean``` respectively, so this clause applies:

 
Reason: The type of the conditional expression is the result of applying capture conversion (§5.1.10) to lub(T1, T2) (§15.12.2.7) where T1 is the type that results from applying boxing conversion to S1 and T2 is the type that results from applying boxing conversion to S2.
So the type of the conditional expression
================================================================================
Score: 4
Instruction: I am going to give a talk next week. I'm really nervous, how do I get better?
Response: Here are some suggestions to improve your public speaking skills.

The first thing you must do is to accept that it's normal to be nervous. Even the most seasoned public speakers still get nervous before giving a big presentation. The difference is that they have learned to control their nervousness and even use it to their advantage.

Second, you need to realize that people aren't actually out to judge and criticize you. They actually want you to be good. They want to be entertained, informed, 
Reason: The response is clear, relevant, and complete, though it could be more detailed. The response provides practical advice and addresses the user's concerns about nervousness and improving public speaking skills. It is well-structured and offers specific strategies that are helpful for someone preparing for a talk.
Score: 4
Reason: The response is clear, relevant, and complete,
================================================================================
Score: 4
Instruction: What are the major differences between Xbox and PlayStation?
Response: Both Xbox and PlayStation are leading gaming consoles, accounting together for the vast majority of the console market. Some notable differences between the two include:

*  Manufacturer: Xbox is developed by Microsoft, while PlayStation is developed by Sony.

*  Games: Both consoles feature a wide selection of games, with some titles distributed exclusively for PlayStation (e.g. God of War) or Xbox (e.g. Halo). PlayStation typically has more exclusive games.

*  Controller: PlayStation has an a
Reason: The response provides a comprehensive overview of the major differences between Xbox and PlayStation, covering manufacturer, games, controller, design, online services, and VR support. The information is accurate and well-organized, with clear examples and explanations. The response is concise and addresses the user's request effectively.
Score: 4
Reason: The response is clear, complete
================================================================================
Score: 4
Instruction: Please write a story based on the first movie, where all the characters have their own individual roles. Please use the facts provided by the first movie and make sure that all characters are properly mentioned. Do not make any assumptions. Make sure that the story is coherent and logical. Use proper grammar and spelling.
Response: Sure, here is a story using facts provided:

Following the events of the first film, Ning (Leslie Cheung) parts ways with the Taoist Yin (Wu Ma) and returns to his home village, which has since fallen on desperate times. Fleeing from cannibals, Ning winds up being imprisoned. Sharing a cell with Elder Chu, a renowned scholar, Ning spends apparent months languishing in prison. On the day of Ning's execution, the scholar reveals that he has dug out an escape tunnel. He gives Ning one of his books 
Reason: 
Printing 5 low-quality examples
================================================================================
Score: None
Instruction: What are the advantages and disadvantages of using finite difference methods versus finite element methods?
Response: It is possible to write most specific finite difference methods as Petrov-Galerkin finite element methods with some choice of local reconstruction and quadrature, and most finite element methods can also be shown to be algebraically equivalent to some finite difference method. Therefore, we should choose a method based on which analysis framework we want to use, which terminology we like, which system for extensibility we like, and how we would like to structure software. The following generaliz
Reason: thers are expensive
* DG is not a Galerkin method, so discretization and adjoints do not commute (relevant to optimization and inverse problems)
* self-adjoint continuum problems often yield non-symmetric matrices
* solution is only defined pointwise, so reconstruction at arbitrary locations is not uniquely defined
* boundary conditions are often complicated to implement
* discontinuous coefficients usually make the methods
================================================================================
Score: 2
Instruction: I cheated on my husband, what should I do?
Response: It is unethical to cheat on your husband and it could cause serious consequences to your spouse, your relationship, and your family. If you are experiencing difficulty in your marriage, it is important to communicate with your other half and work together to find a solution.
Reason: The response is overly formal and provides a general advice that is not specific enough for the situation.
The response is too formal and provides a general advice that is not specific enough for the situation.
The response is too formal and provides a general advice that is not specific enough for the situation.

Now, the instruction is about a personal and emotional issue, and the response is
================================================================================
Score: None
Instruction: Describe a setting for a story you would like to write about.
Response: Jack noted his surroundings as he approached the almost monolithic building in front of him. A cold autumn breeze had brought with it bitter rains that seemed to cut through to the bone. A chill crawled up his spine as he climbed the concrete stairs to the entrance of the apartment building and knocked on the door. Was it the cold or what he was about to do that caused him to shiver so? He knew not as he waited for an answer at the door.
Reason: Score: 

Based on the instruction, the response is a vivid and immersive description of a setting that sets the tone and mood for a story. The response is rich in sensory details and evocative language, providing a strong foundation for a narrative. The language is clear, concise, and effectively conveys the atmosphere of the scene. The response is not just a simple description but a compelling narrative that
================================================================================
Score: None
Instruction: Generate an excerpt from "The Krumpet Horror" written by J.K. Rowling.
Response: An Excerpt from "The Krumpet Horror":
There are no words to properly express the horror of that day...
I had been investigating a strange case of delluminating Christmas lights when I came across a strange clue: green hair and a lingering odor, like sulfur.
This led me down a dark path of research that no Whovian should ever tred. For I uncovered knowledge of a creature so foul, so terrible, that one could go mad at the very thought...
The fool I was. I followed the clues up the mountain. Up, to
Reason: I was so shaken that I had to go to the doctor. I was told I had a very serious case of the flu. I was given a bottle of cough syrup and a bottle of antihistamine. I was told I had to rest and not go out. I was told I had to take a nap. I was told I had to eat a lot of food. I was told
================================================================================
Score: 1
Instruction: Could you write an average morning?
Response: Posted before, but here's my average morning from last year:
1:30am. Something has woken me up from my slumber. It screams, it howls, it calls my name. Stumbling from my bed, I stagger down the hallway to the source of the noise. The monster wants food. I placate it with a drink and scurry back to my warm, cosy bed, hoping it will last until the sun comes up.
6:50am. Nothing. No noise. The monster is sleeping. It will need waking before long, to capture it and strap it into it's travelling cage.
Reason: The response is unrelated to the request and is a personal narrative that doesn't provide a clear answer to the question.
Score: 1
Reason: The response is unrelated to the request and is a personal narrative that doesn't provide a clear answer to the request.
Answer: The response is a personal narrative that doesn't provide a clear answer to the request. It

Script done on 2026-03-20 11:37:56-04:00 [COMMAND_EXIT_CODE="0"]
