Script started on 2026-03-26 01:00:54-04:00 [TERM="dumb" TTY="/dev/pts/35" COLUMNS="80" LINES="24"]
Loaded 150 candidate rows
`torch_dtype` is deprecated! Use `dtype` instead!
Loading checkpoint shards:   0%|                          | 0/2 [00:00<?, ?it/s]Loading checkpoint shards:  50%|█████████         | 1/2 [00:48<00:48, 48.78s/it]Loading checkpoint shards: 100%|██████████████████| 2/2 [00:56<00:00, 24.76s/it]Loading checkpoint shards: 100%|██████████████████| 2/2 [00:56<00:00, 28.36s/it]
The following generation flags are not valid and may be ignored: ['temperature', 'top_p', 'top_k']. Set `TRANSFORMERS_VERBOSITY=info` for more details.
Curated rows: 45
Rejected rows: 105
Printing 5 high-quality examples
================================================================================
Score: 4
Instruction: I attend church services every Sunday, but I don't understand what they are really doing. Are they just a bunch of people talking about their own problems?
Response: Mormon services are a bit different, as you discovered. In the United States, there is generally a block of 3 meetings back-to-back including a sunday school, a mens' and women's time for instruction, and a sacrament meeting where the general congregation meets together. It sounds like the first meeting you attended was Priesthood meeting where the brothers study the words of scripture and modern Church leaders. Those classes usually have a single instructor each week.

Sacrament meeting is wher
Reason: The response is comprehensive, well-structured, and provides detailed information about the Mormon church's services and practices. It addresses the user's question about the purpose and nature of church services in a thorough manner, explaining the differences between Mormon services and other denominations. The response is clear,
================================================================================
Score: 3
Instruction: write a story about the grinch from the book how the grinch grasps christmas night but with the grinch having green skin and hair
Response: An Excerpt from "The Krumpet Horror":
There are no words to properly express the horror of that day...
I had been investigating a strange case of delluminating Christmas lights when I came across a strange clue: green hair and a lingering odor, like sulfur.
This led me down a dark path of research that no Whovian should ever tred. For I uncovered knowledge of a creature so foul, so terrible, that one could go mad at the very thought...
The fool I was. I followed the clues up the mountain. Up, to
Reason: The response is a creative take on the Grinch, with vivid descriptions and a narrative that is both engaging and coherent. It provides a detailed and immersive story that is both original and entertaining. However, the response is somewhat overly dramatic and includes elements that are not directly related
================================================================================
Score: 3
Instruction: I am terrible at public speaking. What advice would you give me to improve my skills?
Response: Here are some suggestions to improve your public speaking skills.

The first thing you must do is to accept that it's normal to be nervous. Even the most seasoned public speakers still get nervous before giving a big presentation. The difference is that they have learned to control their nervousness and even use it to their advantage.

Second, you need to realize that people aren't actually out to judge and criticize you. They actually want you to be good. They want to be entertained, informed, 
Reason: The response is helpful and mostly complete, but it reads like copied web text or a personal/forum-style response rather than an AI assistant answer.
Score: 3
Reason: The response is helpful and mostly complete, but it reads like copied web text or a personal/forum-style response rather
================================================================================
Score: 5
Instruction: I am looking for ways to focus my chi. What are some good ways to do this? I have heard that tai chi is good for this. Could you suggest some ways to practice tai chi? I also heard that there are ways to focus chi by breathing, what are some good ways to do that too?
Response: Chi (also known as “Qi” and pronounced “chee”) is a concept that comes from Chinese medicine. Chi is life energy, which is believed to be in everything and everyone in the world. Many people wish to spend time focusing their chi because it is believe to improve health, focus, and well-being. Learning to focus your chi will be an on-going journey.

## Focus chi through movement

1. Practice Tai Chi. Tai Chi can help you with focusing your Chi. It is a light exercise that uses several movements an
Reason: ’t let your mind wander. This is a key part of the practice.
5. Use a Tai Chi app. There are many apps that offer Tai Chi classes. You can download these apps and practice on your own. Some apps are free, and some are paid. You can also find these apps on your phone’s
================================================================================
Score: 4
Instruction: What is your favorite music?
Response: I am an AI assistant, so I don't really have any musical preferences. Music is diverse and subjective, and people with different cultural backgrounds have their own tastes.
Reason: The response is clear, relevant, and complete, though it could be more detailed.
The response is concise, well-structured, and provides a thoughtful answer that addresses the question without being overly verbose. It correctly states that the AI doesn't have personal preferences and explains the diversity of music
Printing 5 low-quality examples
================================================================================
Score: None
Instruction: Which method is more efficient for solving PDEs: finite difference or finite element?
Response: It is possible to write most specific finite difference methods as Petrov-Galerkin finite element methods with some choice of local reconstruction and quadrature, and most finite element methods can also be shown to be algebraically equivalent to some finite difference method. Therefore, we should choose a method based on which analysis framework we want to use, which terminology we like, which system for extensibility we like, and how we would like to structure software. The following generaliz
Reason: oothers are more expensive
* DG is not a Galerkin method, so discretization and adjoints do not commute (relevant to optimization and inverse problems)
* self-adjoint continuum problems often yield non-symmetric matrices
* solution is only defined pointwise, so reconstruction at arbitrary locations is not uniquely defined
================================================================================
Score: 2
Instruction: I am cheating on my husband, what should I do?
Response: It is unethical to cheat on your husband and it could cause serious consequences to your spouse, your relationship, and your family. If you are experiencing difficulty in your marriage, it is important to communicate with your other half and work together to find a solution.
Reason: The response is overly emotional and does not provide actionable steps or specific advice.
The response is too emotional and does not provide actionable steps or specific advice.
Score: 2
Reason: The response is too emotional and does not provide actionable steps or specific advice.
Score: 2
================================================================================
Score: None
Instruction: Please write a short story beginning with "Jack stepped cautiously onto the pavement"
Response: Jack noted his surroundings as he approached the almost monolithic building in front of him. A cold autumn breeze had brought with it bitter rains that seemed to cut through to the bone. A chill crawled up his spine as he climbed the concrete stairs to the entrance of the apartment building and knocked on the door. Was it the cold or what he was about to do that caused him to shiver so? He knew not as he waited for an answer at the door.
Reason: Score: 

Based on the instruction, the response is a short story that begins with the given opening line. The response is well-written, with vivid descriptions and a compelling narrative that builds tension and suspense. It provides a complete and engaging story that is both descriptive and emotionally resonant. The response is clear, concise,
================================================================================
Score: None
Instruction: What's the difference between 
`true ? null : false` and `true ? returnsNull() : false`?
Response: The difference is that the explicit type of the ```returnsNull()``` method affects the static typing of the expressions at compile time:
```E1: `true ? returnsNull() : false` - boolean (auto-unboxing 2nd operand to boolean)
E2: `true ? null : false` - Boolean (autoboxing of 3rd operand to Boolean)
```
See Java Language Specification, section 15.25 Conditional Operator ? :

* For E1, the types of the 2nd and 3rd operands are ```Boolean``` and ```boolean``` respectively, so this clause applies:

 
Reason: The first expression is a conditional expression with a Boolean type, the second is a boolean type.  The second operand is a method call that returns a null value.  The first expression is a conditional expression with a Boolean type, the second is a boolean type.  The second operand is a method call that returns a
================================================================================
Score: 1
Instruction: write a 24-hour diary entry about a day in the life of a monster
Response: Posted before, but here's my average morning from last year:
1:30am. Something has woken me up from my slumber. It screams, it howls, it calls my name. Stumbling from my bed, I stagger down the hallway to the source of the noise. The monster wants food. I placate it with a drink and scurry back to my warm, cosy bed, hoping it will last until the sun comes up.
6:50am. Nothing. No noise. The monster is sleeping. It will need waking before long, to capture it and strap it into it's travelling cage.
Reason: The response is unrelated to the request and is a disjointed, disjointed, disjointed, disjointed, disjointed, disjointed, disjointed, disjointed, disjointed, disjointed, disjointed, disjointed, disjointed, disjointed, disjointed, disjointed

Script done on 2026-03-26 01:15:05-04:00 [COMMAND_EXIT_CODE="0"]
